<?xml version="1.0" encoding="UTF-8"?>
<!-- Generated by org.testng.reporters.JUnitReportReporter -->
<testsuite hostname="srisai" name="DEMO.demoTestng" tests="2" failures="0" timestamp="6 Dec 2015 10:26:43 GMT" time="22.286" errors="0">
  <testcase name="loginfb" time="16.190" classname="DEMO.demoTestng"/>
  <testcase name="openfb" time="6.096" classname="DEMO.demoTestng"/>
</testsuite> <!-- DEMO.demoTestng -->
